<?xml version="1.0" encoding="UTF-8"?>
<!-- Generated by org.testng.reporters.JUnitReportReporter -->
<testsuite skipped="0" hostname="LAPTOP-D20SAT6V" name="script.InvalidLogin" tests="1" failures="0" timestamp="13 Dec 2017 07:43:38 GMT" time="33.000" errors="0">
  <testcase name="testInvalidLogin" time="33.000" classname="script.InvalidLogin"/>
</testsuite> <!-- script.InvalidLogin -->
