<?xml version="1.0" encoding="UTF-8"?>
<!-- Generated by org.testng.reporters.JUnitReportReporter -->
<testsuite skipped="0" hostname="LAPTOP-D20SAT6V" name="script.ValidLogin" tests="1" failures="0" timestamp="13 Dec 2017 07:23:00 GMT" time="22.284" errors="0">
  <testcase name="testValidLogin" time="22.284" classname="script.ValidLogin"/>
</testsuite> <!-- script.ValidLogin -->
